2024-12-23T13:54:04.228+05:00  INFO 7068 --- [userInformation] [restartedMain] c.p.u.UserInformationApplication         : Starting UserInformationApplication using Java 17.0.13 with PID 7068 (D:\SpringBoot_Projects\userInformation\userInformation\target\classes started by Aans Rehman Khan in D:\SpringBoot_Projects\userInformation\userInformation)
2024-12-23T13:54:04.230+05:00 DEBUG 7068 --- [userInformation] [restartedMain] c.p.u.UserInformationApplication         : Running with Spring Boot v3.4.0, Spring v6.2.0
2024-12-23T13:54:04.231+05:00  INFO 7068 --- [userInformation] [restartedMain] c.p.u.UserInformationApplication         : The following 1 profile is active: "local"
2024-12-23T13:54:04.287+05:00  INFO 7068 --- [userInformation] [restartedMain] .e.DevToolsPropertyDefaultsPostProcessor : Devtools property defaults active! Set 'spring.devtools.add-properties' to 'false' to disable
2024-12-23T13:54:04.299+05:00  INFO 7068 --- [userInformation] [restartedMain] .e.DevToolsPropertyDefaultsPostProcessor : For additional web related logging consider setting the 'logging.level.web' property to 'DEBUG'
2024-12-23T13:54:05.066+05:00  INFO 7068 --- [userInformation] [restartedMain] .s.d.r.c.RepositoryConfigurationDelegate : Bootstrapping Spring Data JPA repositories in DEFAULT mode.
2024-12-23T13:54:05.132+05:00  INFO 7068 --- [userInformation] [restartedMain] .s.d.r.c.RepositoryConfigurationDelegate : Finished Spring Data repository scanning in 56 ms. Found 1 JPA repository interface.
2024-12-23T13:54:05.697+05:00  INFO 7068 --- [userInformation] [restartedMain] o.s.b.w.embedded.tomcat.TomcatWebServer  : Tomcat initialized with port 8081 (http)
2024-12-23T13:54:05.710+05:00  INFO 7068 --- [userInformation] [restartedMain] o.apache.catalina.core.StandardService   : Starting service [Tomcat]
2024-12-23T13:54:05.710+05:00  INFO 7068 --- [userInformation] [restartedMain] o.apache.catalina.core.StandardEngine    : Starting Servlet engine: [Apache Tomcat/10.1.33]
2024-12-23T13:54:05.766+05:00  INFO 7068 --- [userInformation] [restartedMain] o.a.c.c.C.[Tomcat].[localhost].[/]       : Initializing Spring embedded WebApplicationContext
2024-12-23T13:54:05.767+05:00  INFO 7068 --- [userInformation] [restartedMain] w.s.c.ServletWebServerApplicationContext : Root WebApplicationContext: initialization completed in 1467 ms
2024-12-23T13:54:05.927+05:00  INFO 7068 --- [userInformation] [restartedMain] o.hibernate.jpa.internal.util.LogHelper  : HHH000204: Processing PersistenceUnitInfo [name: default]
2024-12-23T13:54:06.006+05:00  INFO 7068 --- [userInformation] [restartedMain] org.hibernate.Version                    : HHH000412: Hibernate ORM core version 6.6.2.Final
2024-12-23T13:54:06.039+05:00  INFO 7068 --- [userInformation] [restartedMain] o.h.c.internal.RegionFactoryInitiator    : HHH000026: Second-level cache disabled
2024-12-23T13:54:06.315+05:00  INFO 7068 --- [userInformation] [restartedMain] o.s.o.j.p.SpringPersistenceUnitInfo      : No LoadTimeWeaver setup: ignoring JPA class transformer
2024-12-23T13:54:06.344+05:00  INFO 7068 --- [userInformation] [restartedMain] com.zaxxer.hikari.HikariDataSource       : HikariPool-1 - Starting...
2024-12-23T13:54:06.458+05:00  INFO 7068 --- [userInformation] [restartedMain] com.zaxxer.hikari.pool.HikariPool        : HikariPool-1 - Added connection org.mariadb.jdbc.Connection@15ec1023
2024-12-23T13:54:06.461+05:00  INFO 7068 --- [userInformation] [restartedMain] com.zaxxer.hikari.HikariDataSource       : HikariPool-1 - Start completed.
2024-12-23T13:54:06.506+05:00  WARN 7068 --- [userInformation] [restartedMain] org.hibernate.dialect.Dialect            : HHH000511: The 8.0.37 version for [org.hibernate.dialect.MariaDBDialect] is no longer supported, hence certain features may not work properly. The minimum supported version is 10.4.0. Check the community dialects project for available legacy versions.
2024-12-23T13:54:06.538+05:00  INFO 7068 --- [userInformation] [restartedMain] org.hibernate.orm.connections.pooling    : HHH10001005: Database info:
	Database JDBC URL [Connecting through datasource 'HikariDataSource (HikariPool-1)']
	Database driver: undefined/unknown
	Database version: 8.0.37
	Autocommit mode: undefined/unknown
	Isolation level: undefined/unknown
	Minimum pool size: undefined/unknown
	Maximum pool size: undefined/unknown
2024-12-23T13:54:07.477+05:00  INFO 7068 --- [userInformation] [restartedMain] o.h.e.t.j.p.i.JtaPlatformInitiator       : HHH000489: No JTA platform available (set 'hibernate.transaction.jta.platform' to enable JTA platform integration)
2024-12-23T13:54:07.547+05:00  INFO 7068 --- [userInformation] [restartedMain] j.LocalContainerEntityManagerFactoryBean : Initialized JPA EntityManagerFactory for persistence unit 'default'
2024-12-23T13:54:07.890+05:00  WARN 7068 --- [userInformation] [restartedMain] JpaBaseConfiguration$JpaWebConfiguration : spring.jpa.open-in-view is enabled by default. Therefore, database queries may be performed during view rendering. Explicitly configure spring.jpa.open-in-view to disable this warning
2024-12-23T13:54:08.239+05:00  INFO 7068 --- [userInformation] [restartedMain] o.s.b.d.a.OptionalLiveReloadServer       : LiveReload server is running on port 35729
2024-12-23T13:54:08.279+05:00  INFO 7068 --- [userInformation] [restartedMain] o.s.b.w.embedded.tomcat.TomcatWebServer  : Tomcat started on port 8081 (http) with context path '/'
2024-12-23T13:54:08.292+05:00  INFO 7068 --- [userInformation] [restartedMain] c.p.u.UserInformationApplication         : Started UserInformationApplication in 4.587 seconds (process running for 5.368)
2024-12-23T13:54:13.960+05:00  INFO 7068 --- [userInformation] [http-nio-8081-exec-2] o.a.c.c.C.[Tomcat].[localhost].[/]       : Initializing Spring DispatcherServlet 'dispatcherServlet'
2024-12-23T13:54:13.961+05:00  INFO 7068 --- [userInformation] [http-nio-8081-exec-2] o.s.web.servlet.DispatcherServlet        : Initializing Servlet 'dispatcherServlet'
2024-12-23T13:54:13.964+05:00  INFO 7068 --- [userInformation] [http-nio-8081-exec-2] o.s.web.servlet.DispatcherServlet        : Completed initialization in 3 ms
2024-12-23T13:54:14.020+05:00 DEBUG 7068 --- [userInformation] [http-nio-8081-exec-2] c.p.u.controllers.UserController         : GET: Fetching all users
2024-12-23T13:54:14.022+05:00  INFO 7068 --- [userInformation] [http-nio-8081-exec-2] c.p.u.services.UserService               : Fetching all users from database
2024-12-23T13:54:46.042+05:00 DEBUG 7068 --- [userInformation] [http-nio-8081-exec-4] c.p.u.controllers.UserController         : User recieved in the controller: {}UserInformationRequest(firstName=Aans, lastName=Rehman, address=aansrehman10@example.com)
2024-12-23T13:54:46.058+05:00  INFO 7068 --- [userInformation] [http-nio-8081-exec-4] c.p.u.services.UserService               : User from the in the service: UserInformationRequest(firstName=Aans, lastName=Rehman, address=aansrehman10@example.com)
2024-12-23T13:54:46.136+05:00  INFO 7068 --- [userInformation] [http-nio-8081-exec-4] c.p.u.services.UserService               : User added to database: User(id=4, firstName=Aans, lastName=Rehman, address=aansrehman10@example.com)
2024-12-23T13:54:46.136+05:00 DEBUG 7068 --- [userInformation] [http-nio-8081-exec-4] c.p.u.controllers.UserController         : POST: User added successfully
2024-12-23T13:54:57.490+05:00  INFO 7068 --- [userInformation] [SpringApplicationShutdownHook] o.s.b.w.e.tomcat.GracefulShutdown        : Commencing graceful shutdown. Waiting for active requests to complete
2024-12-23T13:54:57.662+05:00  INFO 7068 --- [userInformation] [tomcat-shutdown] o.s.b.w.e.tomcat.GracefulShutdown        : Graceful shutdown complete
2024-12-23T13:54:57.667+05:00  INFO 7068 --- [userInformation] [SpringApplicationShutdownHook] j.LocalContainerEntityManagerFactoryBean : Closing JPA EntityManagerFactory for persistence unit 'default'
2024-12-23T13:54:57.685+05:00  INFO 7068 --- [userInformation] [SpringApplicationShutdownHook] com.zaxxer.hikari.HikariDataSource       : HikariPool-1 - Shutdown initiated...
2024-12-23T13:54:57.692+05:00  INFO 7068 --- [userInformation] [SpringApplicationShutdownHook] com.zaxxer.hikari.HikariDataSource       : HikariPool-1 - Shutdown completed.
